
> colabproject@1.0.0 dev
> node server.js

> Ready on http://localhost:3000
> Socket.io server running
 ○ Compiling /middleware ...
 ✓ Compiled /middleware in 752ms (174 modules)
 ○ Compiling /projects/[projectId]/git ...
 ✓ Compiled /projects/[projectId]/git in 3.5s (367 modules)
 ✓ Compiled in 9.9s (495 modules)
 ✓ Compiled in 1994ms (495 modules)
 ○ Compiling /api/projects/[id]/github ...
 ✓ Compiled /api/projects/[id]/github in 609ms (810 modules)
prisma:query SELECT "public"."Project"."id", "public"."Project"."name", "public"."Project"."description", "public"."Project"."teamId", "public"."Project"."createdById", "public"."Project"."createdAt", "public"."Project"."updatedAt" FROM "public"."Project" WHERE ("public"."Project"."id" = $1 AND 1=1) LIMIT $2 OFFSET $3
prisma:query SELECT "public"."Canvas"."id", "public"."Canvas"."projectId", "public"."Canvas"."state", "public"."Canvas"."version", "public"."Canvas"."createdAt", "public"."Canvas"."updatedAt" FROM "public"."Canvas" WHERE "public"."Canvas"."projectId" IN ($1) OFFSET $2
prisma:query SELECT "public"."Team"."id", "public"."Team"."name", "public"."Team"."createdAt", "public"."Team"."updatedAt" FROM "public"."Team" WHERE "public"."Team"."id" IN ($1) OFFSET $2
prisma:query SELECT "public"."TeamMember"."id", "public"."TeamMember"."teamId", "public"."TeamMember"."userId", "public"."TeamMember"."role"::text, "public"."TeamMember"."createdAt" FROM "public"."TeamMember" WHERE ("public"."TeamMember"."userId" = $1 AND "public"."TeamMember"."teamId" IN ($2)) OFFSET $3
prisma:query INSERT INTO "public"."Canvas" ("id","projectId","state","version","createdAt","updatedAt") VALUES ($1,$2,$3,$4,$5,$6) ON CONFLICT ("projectId") DO UPDATE SET "state" = $7, "version" = ("public"."Canvas"."version" + $8), "updatedAt" = $9 WHERE ("public"."Canvas"."projectId" = $10 AND 1=1) RETURNING "public"."Canvas"."id", "public"."Canvas"."projectId", "public"."Canvas"."state", "public"."Canvas"."version", "public"."Canvas"."createdAt", "public"."Canvas"."updatedAt"
 POST /api/projects/cmi1lhcvl0008oma8g07mdp3t/canvas 200 in 21069ms
prisma:query SELECT "public"."Project"."id", "public"."Project"."name", "public"."Project"."description", "public"."Project"."teamId", "public"."Project"."createdById", "public"."Project"."createdAt", "public"."Project"."updatedAt" FROM "public"."Project" LEFT JOIN "public"."Team" AS "j0" ON ("j0"."id") = ("public"."Project"."teamId") WHERE ("public"."Project"."id" = $1 AND (EXISTS(SELECT "t1"."teamId" FROM "public"."TeamMember" AS "t1" WHERE ("t1"."userId" = $2 AND ("j0"."id") = ("t1"."teamId") AND "t1"."teamId" IS NOT NULL)) AND ("j0"."id" IS NOT NULL))) LIMIT $3 OFFSET $4
prisma:query SELECT "public"."GitRepository"."id", "public"."GitRepository"."githubRepoId", "public"."GitRepository"."owner", "public"."GitRepository"."name", "public"."GitRepository"."fullName", "public"."GitRepository"."lastSyncedAt", "public"."GitRepository"."createdAt", "public"."GitRepository"."updatedAt", "public"."GitRepository"."projectId" FROM "public"."GitRepository" WHERE "public"."GitRepository"."projectId" IN ($1) OFFSET $2
 GET /api/projects/cmi1lhcvl0008oma8g07mdp3t/github 200 in 4966ms
prisma:query SELECT "public"."Project"."id", "public"."Project"."name", "public"."Project"."description", "public"."Project"."teamId", "public"."Project"."createdById", "public"."Project"."createdAt", "public"."Project"."updatedAt" FROM "public"."Project" LEFT JOIN "public"."Team" AS "j0" ON ("j0"."id") = ("public"."Project"."teamId") WHERE ("public"."Project"."id" = $1 AND (EXISTS(SELECT "t1"."teamId" FROM "public"."TeamMember" AS "t1" WHERE ("t1"."userId" = $2 AND ("j0"."id") = ("t1"."teamId") AND "t1"."teamId" IS NOT NULL)) AND ("j0"."id" IS NOT NULL))) LIMIT $3 OFFSET $4
 ○ Compiling /api/projects/[id]/github/stored-commits ...
 ✓ Compiled /api/projects/[id]/github/stored-commits in 524ms (812 modules)
prisma:query SELECT "public"."GitRepository"."id", "public"."GitRepository"."githubRepoId", "public"."GitRepository"."owner", "public"."GitRepository"."name", "public"."GitRepository"."fullName", "public"."GitRepository"."lastSyncedAt", "public"."GitRepository"."createdAt", "public"."GitRepository"."updatedAt", "public"."GitRepository"."projectId" FROM "public"."GitRepository" WHERE "public"."GitRepository"."projectId" IN ($1) OFFSET $2
 GET /api/projects/cmi1lhcvl0008oma8g07mdp3t/github 200 in 679ms
prisma:query SELECT "public"."Project"."id", "public"."Project"."name", "public"."Project"."description", "public"."Project"."teamId", "public"."Project"."createdById", "public"."Project"."createdAt", "public"."Project"."updatedAt" FROM "public"."Project" LEFT JOIN "public"."Team" AS "j0" ON ("j0"."id") = ("public"."Project"."teamId") WHERE ("public"."Project"."id" = $1 AND (EXISTS(SELECT "t1"."teamId" FROM "public"."TeamMember" AS "t1" WHERE ("t1"."userId" = $2 AND ("j0"."id") = ("t1"."teamId") AND "t1"."teamId" IS NOT NULL)) AND ("j0"."id" IS NOT NULL))) LIMIT $3 OFFSET $4
prisma:query SELECT "public"."GitRepository"."id", "public"."GitRepository"."projectId", "public"."GitRepository"."githubRepoId", "public"."GitRepository"."owner", "public"."GitRepository"."name", "public"."GitRepository"."fullName", "public"."GitRepository"."accessToken", "public"."GitRepository"."lastSyncedAt", "public"."GitRepository"."createdAt", "public"."GitRepository"."updatedAt" FROM "public"."GitRepository" WHERE "public"."GitRepository"."projectId" IN ($1) OFFSET $2
prisma:query SELECT COUNT(*) AS "_count$_all" FROM (SELECT "public"."GitCommit"."id" FROM "public"."GitCommit" WHERE "public"."GitCommit"."repositoryId" = $1 OFFSET $2) AS "sub"
prisma:query SELECT "public"."GitCommit"."id", "public"."GitCommit"."repositoryId", "public"."GitCommit"."sha", "public"."GitCommit"."message", "public"."GitCommit"."author", "public"."GitCommit"."authorEmail", "public"."GitCommit"."committedAt", "public"."GitCommit"."url", "public"."GitCommit"."createdAt" FROM "public"."GitCommit" WHERE "public"."GitCommit"."repositoryId" = $1 ORDER BY "public"."GitCommit"."committedAt" DESC LIMIT $2 OFFSET $3
 GET /api/projects/cmi1lhcvl0008oma8g07mdp3t/github/stored-commits?page=1&perPage=30 200 in 3990ms
prisma:query SELECT "public"."Project"."id", "public"."Project"."name", "public"."Project"."description", "public"."Project"."teamId", "public"."Project"."createdById", "public"."Project"."createdAt", "public"."Project"."updatedAt" FROM "public"."Project" LEFT JOIN "public"."Team" AS "j0" ON ("j0"."id") = ("public"."Project"."teamId") WHERE ("public"."Project"."id" = $1 AND (EXISTS(SELECT "t1"."teamId" FROM "public"."TeamMember" AS "t1" WHERE ("t1"."userId" = $2 AND ("j0"."id") = ("t1"."teamId") AND "t1"."teamId" IS NOT NULL)) AND ("j0"."id" IS NOT NULL))) LIMIT $3 OFFSET $4
prisma:query SELECT "public"."GitRepository"."id", "public"."GitRepository"."projectId", "public"."GitRepository"."githubRepoId", "public"."GitRepository"."owner", "public"."GitRepository"."name", "public"."GitRepository"."fullName", "public"."GitRepository"."accessToken", "public"."GitRepository"."lastSyncedAt", "public"."GitRepository"."createdAt", "public"."GitRepository"."updatedAt" FROM "public"."GitRepository" WHERE "public"."GitRepository"."projectId" IN ($1) OFFSET $2
prisma:query SELECT COUNT(*) AS "_count$_all" FROM (SELECT "public"."GitCommit"."id" FROM "public"."GitCommit" WHERE "public"."GitCommit"."repositoryId" = $1 OFFSET $2) AS "sub"
prisma:query SELECT "public"."GitCommit"."id", "public"."GitCommit"."repositoryId", "public"."GitCommit"."sha", "public"."GitCommit"."message", "public"."GitCommit"."author", "public"."GitCommit"."authorEmail", "public"."GitCommit"."committedAt", "public"."GitCommit"."url", "public"."GitCommit"."createdAt" FROM "public"."GitCommit" WHERE "public"."GitCommit"."repositoryId" = $1 ORDER BY "public"."GitCommit"."committedAt" DESC LIMIT $2 OFFSET $3
 GET /api/projects/cmi1lhcvl0008oma8g07mdp3t/github/stored-commits?page=1&perPage=30 200 in 1387ms
 ○ Compiling /api/github/repositories ...
 ✓ Compiled /api/github/repositories in 1164ms (837 modules)
[GitHub Repositories API] Session check: {
  hasSession: true,
  hasUser: true,
  userId: 'cmi19xs3l0000om2k6vs7lg1d',
  hasGitHubToken: true
}
[GitHub Repositories API] Fetching repositories for user: cmi19xs3l0000om2k6vs7lg1d { page: 1, perPage: 30 }
 GET /api/github/repositories 500 in 1775ms
[GitHub Repositories API] Session check: {
  hasSession: true,
  hasUser: true,
  userId: 'cmi19xs3l0000om2k6vs7lg1d',
  hasGitHubToken: true
}
[GitHub Repositories API] Fetching repositories for user: cmi19xs3l0000om2k6vs7lg1d { page: 1, perPage: 30 }
 GET /api/github/repositories 500 in 372ms
[GitHub Repositories API] Session check: {
  hasSession: true,
  hasUser: true,
  userId: 'cmi19xs3l0000om2k6vs7lg1d',
  hasGitHubToken: true
}
[GitHub Repositories API] Fetching repositories for user: cmi19xs3l0000om2k6vs7lg1d { page: 1, perPage: 30 }
 GET /api/github/repositories 500 in 414ms
[GitHub Repositories API] Session check: {
  hasSession: true,
  hasUser: true,
  userId: 'cmi19xs3l0000om2k6vs7lg1d',
  hasGitHubToken: true
}
[GitHub Repositories API] Fetching repositories for user: cmi19xs3l0000om2k6vs7lg1d { page: 1, perPage: 30 }
 GET /api/github/repositories 500 in 466ms
 ○ Compiling /projects/[projectId]/kanban ...
 ✓ Compiled /projects/[projectId]/kanban in 6.9s (2067 modules)
 ○ Compiling /api/projects/[id] ...
 ✓ Compiled /api/projects/[id] in 645ms (1237 modules)
 ✓ Compiled (1239 modules)
prisma:query SELECT 1
prisma:query SELECT 1
prisma:query SELECT "public"."Project"."id", "public"."Project"."name", "public"."Project"."description", "public"."Project"."teamId", "public"."Project"."createdById", "public"."Project"."createdAt", "public"."Project"."updatedAt" FROM "public"."Project" WHERE ("public"."Project"."id" = $1 AND 1=1) LIMIT $2 OFFSET $3
prisma:query SELECT "public"."Team"."id", "public"."Team"."name", "public"."Team"."createdAt", "public"."Team"."updatedAt" FROM "public"."Team" WHERE "public"."Team"."id" IN ($1) OFFSET $2
prisma:query SELECT "public"."User"."id", "public"."User"."email", "public"."User"."name", "public"."User"."password", "public"."User"."image", "public"."User"."emailVerified", "public"."User"."createdAt", "public"."User"."updatedAt", "public"."User"."defaultTeamId" FROM "public"."User" WHERE ("public"."User"."email" = $1 AND 1=1) LIMIT $2 OFFSET $3
prisma:query SELECT "public"."TeamMember"."id", "public"."TeamMember"."teamId", "public"."TeamMember"."userId", "public"."TeamMember"."role"::text, "public"."TeamMember"."createdAt" FROM "public"."TeamMember" WHERE ("public"."TeamMember"."userId" = $1 AND "public"."TeamMember"."teamId" IN ($2)) OFFSET $3
prisma:query SELECT "public"."Project"."id", "public"."Project"."name", "public"."Project"."description", "public"."Project"."teamId", "public"."Project"."createdById", "public"."Project"."createdAt", "public"."Project"."updatedAt" FROM "public"."Project" WHERE ("public"."Project"."id" = $1 AND 1=1) LIMIT $2 OFFSET $3
prisma:query SELECT "public"."Project"."id", "public"."Project"."name", "public"."Project"."description", "public"."Project"."teamId", "public"."Project"."createdById", "public"."Project"."createdAt", "public"."Project"."updatedAt", COALESCE("aggr_selection_0_Task"."_aggr_count_tasks", 0) AS "_aggr_count_tasks", COALESCE("aggr_selection_1_MarkdownFile"."_aggr_count_markdownFiles", 0) AS "_aggr_count_markdownFiles" FROM "public"."Project" LEFT JOIN (SELECT "public"."Task"."projectId", COUNT(*) AS "_aggr_count_tasks" FROM "public"."Task" WHERE 1=1 GROUP BY "public"."Task"."projectId") AS "aggr_selection_0_Task" ON ("public"."Project"."id" = "aggr_selection_0_Task"."projectId") LEFT JOIN (SELECT "public"."MarkdownFile"."projectId", COUNT(*) AS "_aggr_count_markdownFiles" FROM "public"."MarkdownFile" WHERE 1=1 GROUP BY "public"."MarkdownFile"."projectId") AS "aggr_selection_1_MarkdownFile" ON ("public"."Project"."id" = "aggr_selection_1_MarkdownFile"."projectId") WHERE ("public"."Project"."id" = $1 AND 1=1) LIMIT $2 OFFSET $3
prisma:query SELECT "public"."Team"."id", "public"."Team"."name", "public"."Team"."createdAt", "public"."Team"."updatedAt" FROM "public"."Team" WHERE "public"."Team"."id" IN ($1) OFFSET $2
prisma:query SELECT "public"."Team"."id", "public"."Team"."name", "public"."Team"."createdAt", "public"."Team"."updatedAt" FROM "public"."Team" WHERE "public"."Team"."id" IN ($1) OFFSET $2
prisma:query SELECT "public"."TeamMember"."id", "public"."TeamMember"."teamId", "public"."TeamMember"."userId", "public"."TeamMember"."role"::text, "public"."TeamMember"."createdAt" FROM "public"."TeamMember" WHERE "public"."TeamMember"."teamId" IN ($1) OFFSET $2
prisma:query SELECT "public"."TeamMember"."id", "public"."TeamMember"."teamId", "public"."TeamMember"."userId", "public"."TeamMember"."role"::text, "public"."TeamMember"."createdAt" FROM "public"."TeamMember" WHERE ("public"."TeamMember"."userId" = $1 AND "public"."TeamMember"."teamId" IN ($2)) OFFSET $3
prisma:query SELECT "public"."User"."id", "public"."User"."name", "public"."User"."email", "public"."User"."image" FROM "public"."User" WHERE "public"."User"."id" IN ($1,$2) OFFSET $3
 GET /api/projects/cmi1lhcvl0008oma8g07mdp3t 200 in 5984ms
prisma:query SELECT "public"."Task"."id", "public"."Task"."title", "public"."Task"."description", "public"."Task"."status"::text, "public"."Task"."priority"::text, "public"."Task"."position", "public"."Task"."projectId", "public"."Task"."assigneeId", "public"."Task"."createdById", "public"."Task"."dueDate", "public"."Task"."createdAt", "public"."Task"."updatedAt" FROM "public"."Task" WHERE "public"."Task"."projectId" = $1 ORDER BY "public"."Task"."status" ASC, "public"."Task"."position" ASC, "public"."Task"."createdAt" DESC OFFSET $2
prisma:query SELECT "public"."Project"."id", "public"."Project"."name", "public"."Project"."description", "public"."Project"."teamId", "public"."Project"."createdById", "public"."Project"."createdAt", "public"."Project"."updatedAt" FROM "public"."Project" WHERE ("public"."Project"."id" = $1 AND 1=1) LIMIT $2 OFFSET $3
prisma:query SELECT "public"."User"."id", "public"."User"."name", "public"."User"."email", "public"."User"."image" FROM "public"."User" WHERE "public"."User"."id" IN ($1) OFFSET $2
prisma:query SELECT "public"."Team"."id", "public"."Team"."name", "public"."Team"."createdAt", "public"."Team"."updatedAt" FROM "public"."Team" WHERE "public"."Team"."id" IN ($1) OFFSET $2
prisma:query SELECT "public"."TeamMember"."id", "public"."TeamMember"."teamId", "public"."TeamMember"."userId", "public"."TeamMember"."role"::text, "public"."TeamMember"."createdAt" FROM "public"."TeamMember" WHERE ("public"."TeamMember"."userId" = $1 AND "public"."TeamMember"."teamId" IN ($2)) OFFSET $3
prisma:query SELECT "public"."User"."id", "public"."User"."name", "public"."User"."email" FROM "public"."User" WHERE "public"."User"."id" IN ($1) OFFSET $2
 GET /api/projects/cmi1lhcvl0008oma8g07mdp3t/tasks 200 in 7151ms
prisma:query SELECT "public"."Project"."id", "public"."Project"."name", "public"."Project"."description", "public"."Project"."teamId", "public"."Project"."createdById", "public"."Project"."createdAt", "public"."Project"."updatedAt", COALESCE("aggr_selection_0_Task"."_aggr_count_tasks", 0) AS "_aggr_count_tasks", COALESCE("aggr_selection_1_MarkdownFile"."_aggr_count_markdownFiles", 0) AS "_aggr_count_markdownFiles" FROM "public"."Project" LEFT JOIN (SELECT "public"."Task"."projectId", COUNT(*) AS "_aggr_count_tasks" FROM "public"."Task" WHERE 1=1 GROUP BY "public"."Task"."projectId") AS "aggr_selection_0_Task" ON ("public"."Project"."id" = "aggr_selection_0_Task"."projectId") LEFT JOIN (SELECT "public"."MarkdownFile"."projectId", COUNT(*) AS "_aggr_count_markdownFiles" FROM "public"."MarkdownFile" WHERE 1=1 GROUP BY "public"."MarkdownFile"."projectId") AS "aggr_selection_1_MarkdownFile" ON ("public"."Project"."id" = "aggr_selection_1_MarkdownFile"."projectId") WHERE ("public"."Project"."id" = $1 AND 1=1) LIMIT $2 OFFSET $3
prisma:query SELECT "public"."User"."id", "public"."User"."email", "public"."User"."name", "public"."User"."password", "public"."User"."image", "public"."User"."emailVerified", "public"."User"."createdAt", "public"."User"."updatedAt", "public"."User"."defaultTeamId" FROM "public"."User" WHERE ("public"."User"."email" = $1 AND 1=1) LIMIT $2 OFFSET $3
prisma:query SELECT "public"."Team"."id", "public"."Team"."name", "public"."Team"."createdAt", "public"."Team"."updatedAt" FROM "public"."Team" WHERE "public"."Team"."id" IN ($1) OFFSET $2
prisma:query SELECT "public"."TeamMember"."id", "public"."TeamMember"."teamId", "public"."TeamMember"."userId", "public"."TeamMember"."role"::text, "public"."TeamMember"."createdAt" FROM "public"."TeamMember" WHERE "public"."TeamMember"."teamId" IN ($1) OFFSET $2
prisma:query SELECT "public"."Project"."id", "public"."Project"."name", "public"."Project"."description", "public"."Project"."teamId", "public"."Project"."createdById", "public"."Project"."createdAt", "public"."Project"."updatedAt" FROM "public"."Project" WHERE ("public"."Project"."id" = $1 AND 1=1) LIMIT $2 OFFSET $3
prisma:query SELECT "public"."User"."id", "public"."User"."name", "public"."User"."email", "public"."User"."image" FROM "public"."User" WHERE "public"."User"."id" IN ($1,$2) OFFSET $3
 GET /api/projects/cmi1lhcvl0008oma8g07mdp3t 200 in 2081ms
prisma:query SELECT "public"."Team"."id", "public"."Team"."name", "public"."Team"."createdAt", "public"."Team"."updatedAt" FROM "public"."Team" WHERE "public"."Team"."id" IN ($1) OFFSET $2
prisma:query SELECT "public"."TeamMember"."id", "public"."TeamMember"."teamId", "public"."TeamMember"."userId", "public"."TeamMember"."role"::text, "public"."TeamMember"."createdAt" FROM "public"."TeamMember" WHERE ("public"."TeamMember"."userId" = $1 AND "public"."TeamMember"."teamId" IN ($2)) OFFSET $3
prisma:query SELECT "public"."Task"."id", "public"."Task"."title", "public"."Task"."description", "public"."Task"."status"::text, "public"."Task"."priority"::text, "public"."Task"."position", "public"."Task"."projectId", "public"."Task"."assigneeId", "public"."Task"."createdById", "public"."Task"."dueDate", "public"."Task"."createdAt", "public"."Task"."updatedAt" FROM "public"."Task" WHERE "public"."Task"."projectId" = $1 ORDER BY "public"."Task"."status" ASC, "public"."Task"."position" ASC, "public"."Task"."createdAt" DESC OFFSET $2
prisma:query SELECT "public"."User"."id", "public"."User"."name", "public"."User"."email", "public"."User"."image" FROM "public"."User" WHERE "public"."User"."id" IN ($1) OFFSET $2
prisma:query SELECT "public"."User"."id", "public"."User"."name", "public"."User"."email" FROM "public"."User" WHERE "public"."User"."id" IN ($1) OFFSET $2
 GET /api/projects/cmi1lhcvl0008oma8g07mdp3t/tasks 200 in 2060ms
prisma:error Error in PostgreSQL connection: Error { kind: Closed, cause: None }
prisma:error Error in PostgreSQL connection: Error { kind: Closed, cause: None }
 ○ Compiling /projects/[projectId]/canvas ...
 ✓ Compiled /projects/[projectId]/canvas in 17.9s (3442 modules)
 ○ Compiling /api/projects/[id]/canvas ...
 ✓ Compiled /api/projects/[id]/canvas in 928ms (1785 modules)
prisma:query SELECT "public"."Project"."id", "public"."Project"."name", "public"."Project"."description", "public"."Project"."teamId", "public"."Project"."createdById", "public"."Project"."createdAt", "public"."Project"."updatedAt" FROM "public"."Project" WHERE ("public"."Project"."id" = $1 AND 1=1) LIMIT $2 OFFSET $3
prisma:query SELECT "public"."Canvas"."id", "public"."Canvas"."projectId", "public"."Canvas"."state", "public"."Canvas"."version", "public"."Canvas"."createdAt", "public"."Canvas"."updatedAt" FROM "public"."Canvas" WHERE "public"."Canvas"."projectId" IN ($1) OFFSET $2
prisma:query SELECT "public"."Team"."id", "public"."Team"."name", "public"."Team"."createdAt", "public"."Team"."updatedAt" FROM "public"."Team" WHERE "public"."Team"."id" IN ($1) OFFSET $2
prisma:query SELECT "public"."TeamMember"."id", "public"."TeamMember"."teamId", "public"."TeamMember"."userId", "public"."TeamMember"."role"::text, "public"."TeamMember"."createdAt" FROM "public"."TeamMember" WHERE ("public"."TeamMember"."userId" = $1 AND "public"."TeamMember"."teamId" IN ($2)) OFFSET $3
 GET /api/projects/cmi1lhcvl0008oma8g07mdp3t/canvas 200 in 7818ms
prisma:query SELECT "public"."Project"."id", "public"."Project"."name", "public"."Project"."description", "public"."Project"."teamId", "public"."Project"."createdById", "public"."Project"."createdAt", "public"."Project"."updatedAt" FROM "public"."Project" WHERE ("public"."Project"."id" = $1 AND 1=1) LIMIT $2 OFFSET $3
prisma:query SELECT "public"."Canvas"."id", "public"."Canvas"."projectId", "public"."Canvas"."state", "public"."Canvas"."version", "public"."Canvas"."createdAt", "public"."Canvas"."updatedAt" FROM "public"."Canvas" WHERE "public"."Canvas"."projectId" IN ($1) OFFSET $2
prisma:query SELECT "public"."Team"."id", "public"."Team"."name", "public"."Team"."createdAt", "public"."Team"."updatedAt" FROM "public"."Team" WHERE "public"."Team"."id" IN ($1) OFFSET $2
prisma:query SELECT "public"."TeamMember"."id", "public"."TeamMember"."teamId", "public"."TeamMember"."userId", "public"."TeamMember"."role"::text, "public"."TeamMember"."createdAt" FROM "public"."TeamMember" WHERE ("public"."TeamMember"."userId" = $1 AND "public"."TeamMember"."teamId" IN ($2)) OFFSET $3
prisma:query INSERT INTO "public"."Canvas" ("id","projectId","state","version","createdAt","updatedAt") VALUES ($1,$2,$3,$4,$5,$6) ON CONFLICT ("projectId") DO UPDATE SET "state" = $7, "version" = ("public"."Canvas"."version" + $8), "updatedAt" = $9 WHERE ("public"."Canvas"."projectId" = $10 AND 1=1) RETURNING "public"."Canvas"."id", "public"."Canvas"."projectId", "public"."Canvas"."state", "public"."Canvas"."version", "public"."Canvas"."createdAt", "public"."Canvas"."updatedAt"
 POST /api/projects/cmi1lhcvl0008oma8g07mdp3t/canvas 200 in 2073ms
prisma:query SELECT "public"."Project"."id", "public"."Project"."name", "public"."Project"."description", "public"."Project"."teamId", "public"."Project"."createdById", "public"."Project"."createdAt", "public"."Project"."updatedAt" FROM "public"."Project" WHERE ("public"."Project"."id" = $1 AND 1=1) LIMIT $2 OFFSET $3
prisma:query SELECT "public"."Canvas"."id", "public"."Canvas"."projectId", "public"."Canvas"."state", "public"."Canvas"."version", "public"."Canvas"."createdAt", "public"."Canvas"."updatedAt" FROM "public"."Canvas" WHERE "public"."Canvas"."projectId" IN ($1) OFFSET $2
prisma:query SELECT "public"."Team"."id", "public"."Team"."name", "public"."Team"."createdAt", "public"."Team"."updatedAt" FROM "public"."Team" WHERE "public"."Team"."id" IN ($1) OFFSET $2
prisma:query SELECT "public"."TeamMember"."id", "public"."TeamMember"."teamId", "public"."TeamMember"."userId", "public"."TeamMember"."role"::text, "public"."TeamMember"."createdAt" FROM "public"."TeamMember" WHERE ("public"."TeamMember"."userId" = $1 AND "public"."TeamMember"."teamId" IN ($2)) OFFSET $3
prisma:query INSERT INTO "public"."Canvas" ("id","projectId","state","version","createdAt","updatedAt") VALUES ($1,$2,$3,$4,$5,$6) ON CONFLICT ("projectId") DO UPDATE SET "state" = $7, "version" = ("public"."Canvas"."version" + $8), "updatedAt" = $9 WHERE ("public"."Canvas"."projectId" = $10 AND 1=1) RETURNING "public"."Canvas"."id", "public"."Canvas"."projectId", "public"."Canvas"."state", "public"."Canvas"."version", "public"."Canvas"."createdAt", "public"."Canvas"."updatedAt"
 POST /api/projects/cmi1lhcvl0008oma8g07mdp3t/canvas 200 in 1680ms
prisma:query SELECT "public"."Account"."id", "public"."Account"."access_token" FROM "public"."Account" WHERE ("public"."Account"."userId" = $1 AND "public"."Account"."provider" = $2) LIMIT $3 OFFSET $4
prisma:query SELECT "public"."Project"."id", "public"."Project"."name", "public"."Project"."description", "public"."Project"."teamId", "public"."Project"."createdById", "public"."Project"."createdAt", "public"."Project"."updatedAt" FROM "public"."Project" WHERE ("public"."Project"."id" = $1 AND 1=1) LIMIT $2 OFFSET $3
prisma:query SELECT "public"."Canvas"."id", "public"."Canvas"."projectId", "public"."Canvas"."state", "public"."Canvas"."version", "public"."Canvas"."createdAt", "public"."Canvas"."updatedAt" FROM "public"."Canvas" WHERE "public"."Canvas"."projectId" IN ($1) OFFSET $2
prisma:query SELECT "public"."Team"."id", "public"."Team"."name", "public"."Team"."createdAt", "public"."Team"."updatedAt" FROM "public"."Team" WHERE "public"."Team"."id" IN ($1) OFFSET $2
prisma:query SELECT "public"."TeamMember"."id", "public"."TeamMember"."teamId", "public"."TeamMember"."userId", "public"."TeamMember"."role"::text, "public"."TeamMember"."createdAt" FROM "public"."TeamMember" WHERE ("public"."TeamMember"."userId" = $1 AND "public"."TeamMember"."teamId" IN ($2)) OFFSET $3
 GET /projects/cmi1lhcvl0008oma8g07mdp3t/canvas?_rsc=tv2bu 200 in 1987ms
prisma:query SELECT 1
prisma:query SELECT "public"."Account"."id", "public"."Account"."access_token" FROM "public"."Account" WHERE ("public"."Account"."userId" = $1 AND "public"."Account"."provider" = $2) LIMIT $3 OFFSET $4
prisma:query SELECT "public"."Project"."id", "public"."Project"."name", "public"."Project"."description", "public"."Project"."teamId", "public"."Project"."createdById", "public"."Project"."createdAt", "public"."Project"."updatedAt" FROM "public"."Project" WHERE ("public"."Project"."id" = $1 AND 1=1) LIMIT $2 OFFSET $3
prisma:query SELECT "public"."Canvas"."id", "public"."Canvas"."projectId", "public"."Canvas"."state", "public"."Canvas"."version", "public"."Canvas"."createdAt", "public"."Canvas"."updatedAt" FROM "public"."Canvas" WHERE "public"."Canvas"."projectId" IN ($1) OFFSET $2
prisma:query SELECT "public"."Team"."id", "public"."Team"."name", "public"."Team"."createdAt", "public"."Team"."updatedAt" FROM "public"."Team" WHERE "public"."Team"."id" IN ($1) OFFSET $2
prisma:query SELECT "public"."TeamMember"."id", "public"."TeamMember"."teamId", "public"."TeamMember"."userId", "public"."TeamMember"."role"::text, "public"."TeamMember"."createdAt" FROM "public"."TeamMember" WHERE ("public"."TeamMember"."userId" = $1 AND "public"."TeamMember"."teamId" IN ($2)) OFFSET $3
 GET /api/projects/cmi1lhcvl0008oma8g07mdp3t/canvas 200 in 2011ms
prisma:query SELECT "public"."Account"."id", "public"."Account"."access_token" FROM "public"."Account" WHERE ("public"."Account"."userId" = $1 AND "public"."Account"."provider" = $2) LIMIT $3 OFFSET $4
prisma:query SELECT "public"."Project"."id", "public"."Project"."name", "public"."Project"."description", "public"."Project"."teamId", "public"."Project"."createdById", "public"."Project"."createdAt", "public"."Project"."updatedAt" FROM "public"."Project" WHERE ("public"."Project"."id" = $1 AND 1=1) LIMIT $2 OFFSET $3
prisma:query SELECT "public"."Canvas"."id", "public"."Canvas"."projectId", "public"."Canvas"."state", "public"."Canvas"."version", "public"."Canvas"."createdAt", "public"."Canvas"."updatedAt" FROM "public"."Canvas" WHERE "public"."Canvas"."projectId" IN ($1) OFFSET $2
prisma:query SELECT "public"."Team"."id", "public"."Team"."name", "public"."Team"."createdAt", "public"."Team"."updatedAt" FROM "public"."Team" WHERE "public"."Team"."id" IN ($1) OFFSET $2
prisma:query SELECT "public"."TeamMember"."id", "public"."TeamMember"."teamId", "public"."TeamMember"."userId", "public"."TeamMember"."role"::text, "public"."TeamMember"."createdAt" FROM "public"."TeamMember" WHERE ("public"."TeamMember"."userId" = $1 AND "public"."TeamMember"."teamId" IN ($2)) OFFSET $3
prisma:query INSERT INTO "public"."Canvas" ("id","projectId","state","version","createdAt","updatedAt") VALUES ($1,$2,$3,$4,$5,$6) ON CONFLICT ("projectId") DO UPDATE SET "state" = $7, "version" = ("public"."Canvas"."version" + $8), "updatedAt" = $9 WHERE ("public"."Canvas"."projectId" = $10 AND 1=1) RETURNING "public"."Canvas"."id", "public"."Canvas"."projectId", "public"."Canvas"."state", "public"."Canvas"."version", "public"."Canvas"."createdAt", "public"."Canvas"."updatedAt"
 POST /api/projects/cmi1lhcvl0008oma8g07mdp3t/canvas 200 in 1961ms
prisma:query SELECT "public"."Account"."id", "public"."Account"."access_token" FROM "public"."Account" WHERE ("public"."Account"."userId" = $1 AND "public"."Account"."provider" = $2) LIMIT $3 OFFSET $4
prisma:query SELECT "public"."Project"."id", "public"."Project"."name", "public"."Project"."description", "public"."Project"."teamId", "public"."Project"."createdById", "public"."Project"."createdAt", "public"."Project"."updatedAt" FROM "public"."Project" WHERE ("public"."Project"."id" = $1 AND 1=1) LIMIT $2 OFFSET $3
prisma:query SELECT "public"."Canvas"."id", "public"."Canvas"."projectId", "public"."Canvas"."state", "public"."Canvas"."version", "public"."Canvas"."createdAt", "public"."Canvas"."updatedAt" FROM "public"."Canvas" WHERE "public"."Canvas"."projectId" IN ($1) OFFSET $2
prisma:query SELECT "public"."Team"."id", "public"."Team"."name", "public"."Team"."createdAt", "public"."Team"."updatedAt" FROM "public"."Team" WHERE "public"."Team"."id" IN ($1) OFFSET $2
prisma:query SELECT "public"."TeamMember"."id", "public"."TeamMember"."teamId", "public"."TeamMember"."userId", "public"."TeamMember"."role"::text, "public"."TeamMember"."createdAt" FROM "public"."TeamMember" WHERE ("public"."TeamMember"."userId" = $1 AND "public"."TeamMember"."teamId" IN ($2)) OFFSET $3
prisma:query INSERT INTO "public"."Canvas" ("id","projectId","state","version","createdAt","updatedAt") VALUES ($1,$2,$3,$4,$5,$6) ON CONFLICT ("projectId") DO UPDATE SET "state" = $7, "version" = ("public"."Canvas"."version" + $8), "updatedAt" = $9 WHERE ("public"."Canvas"."projectId" = $10 AND 1=1) RETURNING "public"."Canvas"."id", "public"."Canvas"."projectId", "public"."Canvas"."state", "public"."Canvas"."version", "public"."Canvas"."createdAt", "public"."Canvas"."updatedAt"
 POST /api/projects/cmi1lhcvl0008oma8g07mdp3t/canvas 200 in 1992ms
prisma:query SELECT "public"."Account"."id", "public"."Account"."access_token" FROM "public"."Account" WHERE ("public"."Account"."userId" = $1 AND "public"."Account"."provider" = $2) LIMIT $3 OFFSET $4
prisma:query SELECT "public"."Project"."id", "public"."Project"."name", "public"."Project"."description", "public"."Project"."teamId", "public"."Project"."createdById", "public"."Project"."createdAt", "public"."Project"."updatedAt" FROM "public"."Project" WHERE ("public"."Project"."id" = $1 AND 1=1) LIMIT $2 OFFSET $3
prisma:query SELECT "public"."Canvas"."id", "public"."Canvas"."projectId", "public"."Canvas"."state", "public"."Canvas"."version", "public"."Canvas"."createdAt", "public"."Canvas"."updatedAt" FROM "public"."Canvas" WHERE "public"."Canvas"."projectId" IN ($1) OFFSET $2
prisma:query SELECT "public"."Project"."id", "public"."Project"."name", "public"."Project"."description", "public"."Project"."teamId", "public"."Project"."createdById", "public"."Project"."createdAt", "public"."Project"."updatedAt" FROM "public"."Project" WHERE ("public"."Project"."id" = $1 AND 1=1) LIMIT $2 OFFSET $3
prisma:query SELECT "public"."Team"."id", "public"."Team"."name", "public"."Team"."createdAt", "public"."Team"."updatedAt" FROM "public"."Team" WHERE "public"."Team"."id" IN ($1) OFFSET $2
prisma:query SELECT "public"."TeamMember"."id", "public"."TeamMember"."teamId", "public"."TeamMember"."userId", "public"."TeamMember"."role"::text, "public"."TeamMember"."createdAt" FROM "public"."TeamMember" WHERE ("public"."TeamMember"."userId" = $1 AND "public"."TeamMember"."teamId" IN ($2)) OFFSET $3
prisma:query SELECT "public"."Canvas"."id", "public"."Canvas"."projectId", "public"."Canvas"."state", "public"."Canvas"."version", "public"."Canvas"."createdAt", "public"."Canvas"."updatedAt" FROM "public"."Canvas" WHERE "public"."Canvas"."projectId" IN ($1) OFFSET $2
prisma:query INSERT INTO "public"."Canvas" ("id","projectId","state","version","createdAt","updatedAt") VALUES ($1,$2,$3,$4,$5,$6) ON CONFLICT ("projectId") DO UPDATE SET "state" = $7, "version" = ("public"."Canvas"."version" + $8), "updatedAt" = $9 WHERE ("public"."Canvas"."projectId" = $10 AND 1=1) RETURNING "public"."Canvas"."id", "public"."Canvas"."projectId", "public"."Canvas"."state", "public"."Canvas"."version", "public"."Canvas"."createdAt", "public"."Canvas"."updatedAt"
 POST /api/projects/cmi1lhcvl0008oma8g07mdp3t/canvas 200 in 1817ms
prisma:query SELECT "public"."Team"."id", "public"."Team"."name", "public"."Team"."createdAt", "public"."Team"."updatedAt" FROM "public"."Team" WHERE "public"."Team"."id" IN ($1) OFFSET $2
prisma:query SELECT "public"."TeamMember"."id", "public"."TeamMember"."teamId", "public"."TeamMember"."userId", "public"."TeamMember"."role"::text, "public"."TeamMember"."createdAt" FROM "public"."TeamMember" WHERE ("public"."TeamMember"."userId" = $1 AND "public"."TeamMember"."teamId" IN ($2)) OFFSET $3
prisma:query INSERT INTO "public"."Canvas" ("id","projectId","state","version","createdAt","updatedAt") VALUES ($1,$2,$3,$4,$5,$6) ON CONFLICT ("projectId") DO UPDATE SET "state" = $7, "version" = ("public"."Canvas"."version" + $8), "updatedAt" = $9 WHERE ("public"."Canvas"."projectId" = $10 AND 1=1) RETURNING "public"."Canvas"."id", "public"."Canvas"."projectId", "public"."Canvas"."state", "public"."Canvas"."version", "public"."Canvas"."createdAt", "public"."Canvas"."updatedAt"
 POST /api/projects/cmi1lhcvl0008oma8g07mdp3t/canvas 200 in 5133ms
prisma:query SELECT "public"."Account"."id", "public"."Account"."access_token" FROM "public"."Account" WHERE ("public"."Account"."userId" = $1 AND "public"."Account"."provider" = $2) LIMIT $3 OFFSET $4
 ○ Compiling /projects/[projectId]/markdown ...
prisma:query SELECT "public"."Project"."id", "public"."Project"."name", "public"."Project"."description", "public"."Project"."teamId", "public"."Project"."createdById", "public"."Project"."createdAt", "public"."Project"."updatedAt" FROM "public"."Project" WHERE ("public"."Project"."id" = $1 AND 1=1) LIMIT $2 OFFSET $3
prisma:query SELECT "public"."Canvas"."id", "public"."Canvas"."projectId", "public"."Canvas"."state", "public"."Canvas"."version", "public"."Canvas"."createdAt", "public"."Canvas"."updatedAt" FROM "public"."Canvas" WHERE "public"."Canvas"."projectId" IN ($1) OFFSET $2
prisma:query SELECT "public"."Team"."id", "public"."Team"."name", "public"."Team"."createdAt", "public"."Team"."updatedAt" FROM "public"."Team" WHERE "public"."Team"."id" IN ($1) OFFSET $2
prisma:query SELECT "public"."TeamMember"."id", "public"."TeamMember"."teamId", "public"."TeamMember"."userId", "public"."TeamMember"."role"::text, "public"."TeamMember"."createdAt" FROM "public"."TeamMember" WHERE ("public"."TeamMember"."userId" = $1 AND "public"."TeamMember"."teamId" IN ($2)) OFFSET $3
prisma:query INSERT INTO "public"."Canvas" ("id","projectId","state","version","createdAt","updatedAt") VALUES ($1,$2,$3,$4,$5,$6) ON CONFLICT ("projectId") DO UPDATE SET "state" = $7, "version" = ("public"."Canvas"."version" + $8), "updatedAt" = $9 WHERE ("public"."Canvas"."projectId" = $10 AND 1=1) RETURNING "public"."Canvas"."id", "public"."Canvas"."projectId", "public"."Canvas"."state", "public"."Canvas"."version", "public"."Canvas"."createdAt", "public"."Canvas"."updatedAt"
 POST /api/projects/cmi1lhcvl0008oma8g07mdp3t/canvas 200 in 3058ms
 ✓ Compiled /projects/[projectId]/markdown in 3.9s (3890 modules)
 ○ Compiling /api/projects/[id]/markdown ...
 ✓ Compiled /api/projects/[id]/markdown in 1194ms (2103 modules)
prisma:query SELECT "public"."Account"."id", "public"."Account"."access_token" FROM "public"."Account" WHERE ("public"."Account"."userId" = $1 AND "public"."Account"."provider" = $2) LIMIT $3 OFFSET $4
prisma:query SELECT 1
prisma:query SELECT 1
prisma:query SELECT "public"."Account"."id", "public"."Account"."access_token" FROM "public"."Account" WHERE ("public"."Account"."userId" = $1 AND "public"."Account"."provider" = $2) LIMIT $3 OFFSET $4
prisma:query SELECT "public"."User"."id", "public"."User"."email", "public"."User"."name", "public"."User"."password", "public"."User"."image", "public"."User"."emailVerified", "public"."User"."createdAt", "public"."User"."updatedAt", "public"."User"."defaultTeamId" FROM "public"."User" WHERE ("public"."User"."email" = $1 AND 1=1) LIMIT $2 OFFSET $3
prisma:query SELECT "public"."User"."id", "public"."User"."email", "public"."User"."name", "public"."User"."password", "public"."User"."image", "public"."User"."emailVerified", "public"."User"."createdAt", "public"."User"."updatedAt", "public"."User"."defaultTeamId" FROM "public"."User" WHERE ("public"."User"."email" = $1 AND 1=1) LIMIT $2 OFFSET $3
prisma:query SELECT "public"."Project"."id", "public"."Project"."name", "public"."Project"."description", "public"."Project"."teamId", "public"."Project"."createdById", "public"."Project"."createdAt", "public"."Project"."updatedAt" FROM "public"."Project" WHERE ("public"."Project"."id" = $1 AND 1=1) LIMIT $2 OFFSET $3
prisma:query SELECT "public"."Project"."id", "public"."Project"."name", "public"."Project"."description", "public"."Project"."teamId", "public"."Project"."createdById", "public"."Project"."createdAt", "public"."Project"."updatedAt" FROM "public"."Project" WHERE ("public"."Project"."id" = $1 AND 1=1) LIMIT $2 OFFSET $3
prisma:query SELECT "public"."Team"."id", "public"."Team"."name", "public"."Team"."createdAt", "public"."Team"."updatedAt" FROM "public"."Team" WHERE "public"."Team"."id" IN ($1) OFFSET $2
prisma:query SELECT "public"."Team"."id", "public"."Team"."name", "public"."Team"."createdAt", "public"."Team"."updatedAt" FROM "public"."Team" WHERE "public"."Team"."id" IN ($1) OFFSET $2
prisma:query SELECT "public"."TeamMember"."id", "public"."TeamMember"."teamId", "public"."TeamMember"."userId", "public"."TeamMember"."role"::text, "public"."TeamMember"."createdAt" FROM "public"."TeamMember" WHERE ("public"."TeamMember"."userId" = $1 AND "public"."TeamMember"."teamId" IN ($2)) OFFSET $3
prisma:query SELECT "public"."TeamMember"."id", "public"."TeamMember"."teamId", "public"."TeamMember"."userId", "public"."TeamMember"."role"::text, "public"."TeamMember"."createdAt" FROM "public"."TeamMember" WHERE ("public"."TeamMember"."userId" = $1 AND "public"."TeamMember"."teamId" IN ($2)) OFFSET $3
prisma:query SELECT "public"."MarkdownFile"."id", "public"."MarkdownFile"."title", "public"."MarkdownFile"."createdAt", "public"."MarkdownFile"."updatedAt" FROM "public"."MarkdownFile" WHERE "public"."MarkdownFile"."projectId" = $1 ORDER BY "public"."MarkdownFile"."updatedAt" DESC OFFSET $2
 GET /api/projects/cmi1lhcvl0008oma8g07mdp3t/markdown 200 in 6997ms
prisma:query SELECT "public"."MarkdownFile"."id", "public"."MarkdownFile"."title", "public"."MarkdownFile"."createdAt", "public"."MarkdownFile"."updatedAt" FROM "public"."MarkdownFile" WHERE "public"."MarkdownFile"."projectId" = $1 ORDER BY "public"."MarkdownFile"."updatedAt" DESC OFFSET $2
 GET /api/projects/cmi1lhcvl0008oma8g07mdp3t/markdown 200 in 6921ms
 ○ Compiling /api/markdown/[id] ...
 ✓ Compiled /api/markdown/[id] in 1174ms (2105 modules)
prisma:query SELECT "public"."Account"."id", "public"."Account"."access_token" FROM "public"."Account" WHERE ("public"."Account"."userId" = $1 AND "public"."Account"."provider" = $2) LIMIT $3 OFFSET $4
prisma:query SELECT "public"."User"."id", "public"."User"."email", "public"."User"."name", "public"."User"."password", "public"."User"."image", "public"."User"."emailVerified", "public"."User"."createdAt", "public"."User"."updatedAt", "public"."User"."defaultTeamId" FROM "public"."User" WHERE ("public"."User"."email" = $1 AND 1=1) LIMIT $2 OFFSET $3
prisma:query SELECT "public"."MarkdownFile"."id", "public"."MarkdownFile"."projectId", "public"."MarkdownFile"."title", "public"."MarkdownFile"."content", "public"."MarkdownFile"."createdAt", "public"."MarkdownFile"."updatedAt" FROM "public"."MarkdownFile" WHERE ("public"."MarkdownFile"."id" = $1 AND 1=1) LIMIT $2 OFFSET $3
prisma:query SELECT "public"."Project"."id", "public"."Project"."name", "public"."Project"."description", "public"."Project"."teamId", "public"."Project"."createdById", "public"."Project"."createdAt", "public"."Project"."updatedAt" FROM "public"."Project" WHERE "public"."Project"."id" IN ($1) OFFSET $2
prisma:query SELECT "public"."Team"."id", "public"."Team"."name", "public"."Team"."createdAt", "public"."Team"."updatedAt" FROM "public"."Team" WHERE "public"."Team"."id" IN ($1) OFFSET $2
prisma:query SELECT "public"."TeamMember"."id", "public"."TeamMember"."teamId", "public"."TeamMember"."userId", "public"."TeamMember"."role"::text, "public"."TeamMember"."createdAt" FROM "public"."TeamMember" WHERE ("public"."TeamMember"."userId" = $1 AND "public"."TeamMember"."teamId" IN ($2)) OFFSET $3
 GET /api/markdown/cmi23co010011ompcixmbu7ds 200 in 5908ms
prisma:query SELECT 1
prisma:query SELECT "public"."Project"."id", "public"."Project"."name", "public"."Project"."description", "public"."Project"."teamId", "public"."Project"."createdById", "public"."Project"."createdAt", "public"."Project"."updatedAt" FROM "public"."Project" WHERE ("public"."Project"."id" = $1 AND 1=1) LIMIT $2 OFFSET $3
prisma:query SELECT "public"."Canvas"."id", "public"."Canvas"."projectId", "public"."Canvas"."state", "public"."Canvas"."version", "public"."Canvas"."createdAt", "public"."Canvas"."updatedAt" FROM "public"."Canvas" WHERE "public"."Canvas"."projectId" IN ($1) OFFSET $2
prisma:query SELECT "public"."Team"."id", "public"."Team"."name", "public"."Team"."createdAt", "public"."Team"."updatedAt" FROM "public"."Team" WHERE "public"."Team"."id" IN ($1) OFFSET $2
prisma:query SELECT 1
prisma:query SELECT "public"."TeamMember"."id", "public"."TeamMember"."teamId", "public"."TeamMember"."userId", "public"."TeamMember"."role"::text, "public"."TeamMember"."createdAt" FROM "public"."TeamMember" WHERE ("public"."TeamMember"."userId" = $1 AND "public"."TeamMember"."teamId" IN ($2)) OFFSET $3
prisma:query SELECT "public"."User"."id", "public"."User"."email", "public"."User"."name", "public"."User"."password", "public"."User"."image", "public"."User"."emailVerified", "public"."User"."createdAt", "public"."User"."updatedAt", "public"."User"."defaultTeamId" FROM "public"."User" WHERE ("public"."User"."email" = $1 AND 1=1) LIMIT $2 OFFSET $3
prisma:query SELECT "public"."Project"."id", "public"."Project"."name", "public"."Project"."description", "public"."Project"."teamId", "public"."Project"."createdById", "public"."Project"."createdAt", "public"."Project"."updatedAt" FROM "public"."Project" WHERE ("public"."Project"."id" = $1 AND 1=1) LIMIT $2 OFFSET $3
prisma:query INSERT INTO "public"."Canvas" ("id","projectId","state","version","createdAt","updatedAt") VALUES ($1,$2,$3,$4,$5,$6) ON CONFLICT ("projectId") DO UPDATE SET "state" = $7, "version" = ("public"."Canvas"."version" + $8), "updatedAt" = $9 WHERE ("public"."Canvas"."projectId" = $10 AND 1=1) RETURNING "public"."Canvas"."id", "public"."Canvas"."projectId", "public"."Canvas"."state", "public"."Canvas"."version", "public"."Canvas"."createdAt", "public"."Canvas"."updatedAt"
 POST /api/projects/cmi1lhcvl0008oma8g07mdp3t/canvas 200 in 1879ms
prisma:query SELECT "public"."Team"."id", "public"."Team"."name", "public"."Team"."createdAt", "public"."Team"."updatedAt" FROM "public"."Team" WHERE "public"."Team"."id" IN ($1) OFFSET $2
prisma:query SELECT "public"."TeamMember"."id", "public"."TeamMember"."teamId", "public"."TeamMember"."userId", "public"."TeamMember"."role"::text, "public"."TeamMember"."createdAt" FROM "public"."TeamMember" WHERE ("public"."TeamMember"."userId" = $1 AND "public"."TeamMember"."teamId" IN ($2)) OFFSET $3
prisma:query SELECT "public"."MarkdownFile"."id", "public"."MarkdownFile"."title", "public"."MarkdownFile"."createdAt", "public"."MarkdownFile"."updatedAt" FROM "public"."MarkdownFile" WHERE "public"."MarkdownFile"."projectId" = $1 ORDER BY "public"."MarkdownFile"."updatedAt" DESC OFFSET $2
 GET /api/projects/cmi1lhcvl0008oma8g07mdp3t/markdown 200 in 1816ms
prisma:query SELECT "public"."User"."id", "public"."User"."email", "public"."User"."name", "public"."User"."password", "public"."User"."image", "public"."User"."emailVerified", "public"."User"."createdAt", "public"."User"."updatedAt", "public"."User"."defaultTeamId" FROM "public"."User" WHERE ("public"."User"."email" = $1 AND 1=1) LIMIT $2 OFFSET $3
prisma:query SELECT "public"."User"."id", "public"."User"."email", "public"."User"."name", "public"."User"."password", "public"."User"."image", "public"."User"."emailVerified", "public"."User"."createdAt", "public"."User"."updatedAt", "public"."User"."defaultTeamId" FROM "public"."User" WHERE ("public"."User"."email" = $1 AND 1=1) LIMIT $2 OFFSET $3
prisma:query SELECT "public"."Project"."id", "public"."Project"."name", "public"."Project"."description", "public"."Project"."teamId", "public"."Project"."createdById", "public"."Project"."createdAt", "public"."Project"."updatedAt" FROM "public"."Project" WHERE ("public"."Project"."id" = $1 AND 1=1) LIMIT $2 OFFSET $3
prisma:query SELECT "public"."MarkdownFile"."id", "public"."MarkdownFile"."projectId", "public"."MarkdownFile"."title", "public"."MarkdownFile"."content", "public"."MarkdownFile"."createdAt", "public"."MarkdownFile"."updatedAt" FROM "public"."MarkdownFile" WHERE ("public"."MarkdownFile"."id" = $1 AND 1=1) LIMIT $2 OFFSET $3
prisma:query SELECT "public"."Team"."id", "public"."Team"."name", "public"."Team"."createdAt", "public"."Team"."updatedAt" FROM "public"."Team" WHERE "public"."Team"."id" IN ($1) OFFSET $2
prisma:query SELECT "public"."Project"."id", "public"."Project"."name", "public"."Project"."description", "public"."Project"."teamId", "public"."Project"."createdById", "public"."Project"."createdAt", "public"."Project"."updatedAt" FROM "public"."Project" WHERE "public"."Project"."id" IN ($1) OFFSET $2
prisma:query SELECT "public"."Team"."id", "public"."Team"."name", "public"."Team"."createdAt", "public"."Team"."updatedAt" FROM "public"."Team" WHERE "public"."Team"."id" IN ($1) OFFSET $2
prisma:query SELECT "public"."TeamMember"."id", "public"."TeamMember"."teamId", "public"."TeamMember"."userId", "public"."TeamMember"."role"::text, "public"."TeamMember"."createdAt" FROM "public"."TeamMember" WHERE ("public"."TeamMember"."userId" = $1 AND "public"."TeamMember"."teamId" IN ($2)) OFFSET $3
prisma:query SELECT "public"."TeamMember"."id", "public"."TeamMember"."teamId", "public"."TeamMember"."userId", "public"."TeamMember"."role"::text, "public"."TeamMember"."createdAt" FROM "public"."TeamMember" WHERE ("public"."TeamMember"."userId" = $1 AND "public"."TeamMember"."teamId" IN ($2)) OFFSET $3
 GET /api/markdown/cmi23co010011ompcixmbu7ds 200 in 1564ms
prisma:query SELECT "public"."MarkdownFile"."id", "public"."MarkdownFile"."title", "public"."MarkdownFile"."createdAt", "public"."MarkdownFile"."updatedAt" FROM "public"."MarkdownFile" WHERE "public"."MarkdownFile"."projectId" = $1 ORDER BY "public"."MarkdownFile"."updatedAt" DESC OFFSET $2
 GET /api/projects/cmi1lhcvl0008oma8g07mdp3t/markdown 200 in 1647ms
 ○ Compiling /projects/[projectId]/git ...
 ✓ Compiled /projects/[projectId]/git in 1898ms (1199 modules)
 ○ Compiling /api/projects/[id]/github ...
 ✓ Compiled /api/projects/[id]/github in 1490ms (1201 modules)
prisma:query SELECT "public"."Project"."id", "public"."Project"."name", "public"."Project"."description", "public"."Project"."teamId", "public"."Project"."createdById", "public"."Project"."createdAt", "public"."Project"."updatedAt" FROM "public"."Project" LEFT JOIN "public"."Team" AS "j0" ON ("j0"."id") = ("public"."Project"."teamId") WHERE ("public"."Project"."id" = $1 AND (EXISTS(SELECT "t1"."teamId" FROM "public"."TeamMember" AS "t1" WHERE ("t1"."userId" = $2 AND ("j0"."id") = ("t1"."teamId") AND "t1"."teamId" IS NOT NULL)) AND ("j0"."id" IS NOT NULL))) LIMIT $3 OFFSET $4
prisma:query SELECT "public"."GitRepository"."id", "public"."GitRepository"."githubRepoId", "public"."GitRepository"."owner", "public"."GitRepository"."name", "public"."GitRepository"."fullName", "public"."GitRepository"."lastSyncedAt", "public"."GitRepository"."createdAt", "public"."GitRepository"."updatedAt", "public"."GitRepository"."projectId" FROM "public"."GitRepository" WHERE "public"."GitRepository"."projectId" IN ($1) OFFSET $2
 GET /api/projects/cmi1lhcvl0008oma8g07mdp3t/github 200 in 2904ms
prisma:query SELECT 1
 ○ Compiling /api/projects/[id]/github/stored-commits ...
prisma:query SELECT "public"."Project"."id", "public"."Project"."name", "public"."Project"."description", "public"."Project"."teamId", "public"."Project"."createdById", "public"."Project"."createdAt", "public"."Project"."updatedAt" FROM "public"."Project" LEFT JOIN "public"."Team" AS "j0" ON ("j0"."id") = ("public"."Project"."teamId") WHERE ("public"."Project"."id" = $1 AND (EXISTS(SELECT "t1"."teamId" FROM "public"."TeamMember" AS "t1" WHERE ("t1"."userId" = $2 AND ("j0"."id") = ("t1"."teamId") AND "t1"."teamId" IS NOT NULL)) AND ("j0"."id" IS NOT NULL))) LIMIT $3 OFFSET $4
 ✓ Compiled /api/projects/[id]/github/stored-commits in 822ms (1203 modules)
prisma:query SELECT "public"."GitRepository"."id", "public"."GitRepository"."githubRepoId", "public"."GitRepository"."owner", "public"."GitRepository"."name", "public"."GitRepository"."fullName", "public"."GitRepository"."lastSyncedAt", "public"."GitRepository"."createdAt", "public"."GitRepository"."updatedAt", "public"."GitRepository"."projectId" FROM "public"."GitRepository" WHERE "public"."GitRepository"."projectId" IN ($1) OFFSET $2
 GET /api/projects/cmi1lhcvl0008oma8g07mdp3t/github 200 in 1041ms
prisma:query SELECT 1
prisma:query SELECT "public"."Project"."id", "public"."Project"."name", "public"."Project"."description", "public"."Project"."teamId", "public"."Project"."createdById", "public"."Project"."createdAt", "public"."Project"."updatedAt" FROM "public"."Project" LEFT JOIN "public"."Team" AS "j0" ON ("j0"."id") = ("public"."Project"."teamId") WHERE ("public"."Project"."id" = $1 AND (EXISTS(SELECT "t1"."teamId" FROM "public"."TeamMember" AS "t1" WHERE ("t1"."userId" = $2 AND ("j0"."id") = ("t1"."teamId") AND "t1"."teamId" IS NOT NULL)) AND ("j0"."id" IS NOT NULL))) LIMIT $3 OFFSET $4
prisma:query SELECT "public"."GitRepository"."id", "public"."GitRepository"."projectId", "public"."GitRepository"."githubRepoId", "public"."GitRepository"."owner", "public"."GitRepository"."name", "public"."GitRepository"."fullName", "public"."GitRepository"."accessToken", "public"."GitRepository"."lastSyncedAt", "public"."GitRepository"."createdAt", "public"."GitRepository"."updatedAt" FROM "public"."GitRepository" WHERE "public"."GitRepository"."projectId" IN ($1) OFFSET $2
prisma:query SELECT COUNT(*) AS "_count$_all" FROM (SELECT "public"."GitCommit"."id" FROM "public"."GitCommit" WHERE "public"."GitCommit"."repositoryId" = $1 OFFSET $2) AS "sub"
prisma:query SELECT "public"."GitCommit"."id", "public"."GitCommit"."repositoryId", "public"."GitCommit"."sha", "public"."GitCommit"."message", "public"."GitCommit"."author", "public"."GitCommit"."authorEmail", "public"."GitCommit"."committedAt", "public"."GitCommit"."url", "public"."GitCommit"."createdAt" FROM "public"."GitCommit" WHERE "public"."GitCommit"."repositoryId" = $1 ORDER BY "public"."GitCommit"."committedAt" DESC LIMIT $2 OFFSET $3
 GET /api/projects/cmi1lhcvl0008oma8g07mdp3t/github/stored-commits?page=1&perPage=30 200 in 3757ms
prisma:query SELECT "public"."Project"."id", "public"."Project"."name", "public"."Project"."description", "public"."Project"."teamId", "public"."Project"."createdById", "public"."Project"."createdAt", "public"."Project"."updatedAt" FROM "public"."Project" LEFT JOIN "public"."Team" AS "j0" ON ("j0"."id") = ("public"."Project"."teamId") WHERE ("public"."Project"."id" = $1 AND (EXISTS(SELECT "t1"."teamId" FROM "public"."TeamMember" AS "t1" WHERE ("t1"."userId" = $2 AND ("j0"."id") = ("t1"."teamId") AND "t1"."teamId" IS NOT NULL)) AND ("j0"."id" IS NOT NULL))) LIMIT $3 OFFSET $4
prisma:query SELECT "public"."GitRepository"."id", "public"."GitRepository"."projectId", "public"."GitRepository"."githubRepoId", "public"."GitRepository"."owner", "public"."GitRepository"."name", "public"."GitRepository"."fullName", "public"."GitRepository"."accessToken", "public"."GitRepository"."lastSyncedAt", "public"."GitRepository"."createdAt", "public"."GitRepository"."updatedAt" FROM "public"."GitRepository" WHERE "public"."GitRepository"."projectId" IN ($1) OFFSET $2
prisma:query SELECT COUNT(*) AS "_count$_all" FROM (SELECT "public"."GitCommit"."id" FROM "public"."GitCommit" WHERE "public"."GitCommit"."repositoryId" = $1 OFFSET $2) AS "sub"
prisma:query SELECT "public"."GitCommit"."id", "public"."GitCommit"."repositoryId", "public"."GitCommit"."sha", "public"."GitCommit"."message", "public"."GitCommit"."author", "public"."GitCommit"."authorEmail", "public"."GitCommit"."committedAt", "public"."GitCommit"."url", "public"."GitCommit"."createdAt" FROM "public"."GitCommit" WHERE "public"."GitCommit"."repositoryId" = $1 ORDER BY "public"."GitCommit"."committedAt" DESC LIMIT $2 OFFSET $3
 GET /api/projects/cmi1lhcvl0008oma8g07mdp3t/github/stored-commits?page=1&perPage=30 200 in 1344ms
 ○ Compiling /projects/[projectId]/sheet ...
 ✓ Compiled /projects/[projectId]/sheet in 2.8s (3151 modules)
 ○ Compiling /api/projects/[id]/spreadsheet ...
 ✓ Compiled /api/projects/[id]/spreadsheet in 1262ms (1286 modules)
prisma:query SELECT 1
prisma:query SELECT "public"."Project"."id", "public"."Project"."name", "public"."Project"."description", "public"."Project"."teamId", "public"."Project"."createdById", "public"."Project"."createdAt", "public"."Project"."updatedAt" FROM "public"."Project" WHERE ("public"."Project"."id" = $1 AND 1=1) LIMIT $2 OFFSET $3
prisma:query SELECT "public"."Spreadsheet"."id", "public"."Spreadsheet"."projectId", "public"."Spreadsheet"."data", "public"."Spreadsheet"."createdAt", "public"."Spreadsheet"."updatedAt" FROM "public"."Spreadsheet" WHERE "public"."Spreadsheet"."projectId" IN ($1) OFFSET $2
prisma:query SELECT "public"."Team"."id", "public"."Team"."name", "public"."Team"."createdAt", "public"."Team"."updatedAt" FROM "public"."Team" WHERE "public"."Team"."id" IN ($1) OFFSET $2
prisma:query SELECT "public"."TeamMember"."id", "public"."TeamMember"."teamId", "public"."TeamMember"."userId", "public"."TeamMember"."role"::text, "public"."TeamMember"."createdAt" FROM "public"."TeamMember" WHERE ("public"."TeamMember"."userId" = $1 AND "public"."TeamMember"."teamId" IN ($2)) OFFSET $3
 GET /api/projects/cmi1lhcvl0008oma8g07mdp3t/spreadsheet 200 in 5979ms
prisma:query SELECT "public"."Project"."id", "public"."Project"."name", "public"."Project"."description", "public"."Project"."teamId", "public"."Project"."createdById", "public"."Project"."createdAt", "public"."Project"."updatedAt" FROM "public"."Project" WHERE ("public"."Project"."id" = $1 AND 1=1) LIMIT $2 OFFSET $3
prisma:query SELECT "public"."Spreadsheet"."id", "public"."Spreadsheet"."projectId", "public"."Spreadsheet"."data", "public"."Spreadsheet"."createdAt", "public"."Spreadsheet"."updatedAt" FROM "public"."Spreadsheet" WHERE "public"."Spreadsheet"."projectId" IN ($1) OFFSET $2
prisma:query SELECT "public"."Team"."id", "public"."Team"."name", "public"."Team"."createdAt", "public"."Team"."updatedAt" FROM "public"."Team" WHERE "public"."Team"."id" IN ($1) OFFSET $2
prisma:query SELECT "public"."TeamMember"."id", "public"."TeamMember"."teamId", "public"."TeamMember"."userId", "public"."TeamMember"."role"::text, "public"."TeamMember"."createdAt" FROM "public"."TeamMember" WHERE ("public"."TeamMember"."userId" = $1 AND "public"."TeamMember"."teamId" IN ($2)) OFFSET $3
 GET /api/projects/cmi1lhcvl0008oma8g07mdp3t/spreadsheet 200 in 1606ms
prisma:query SELECT "public"."Project"."id", "public"."Project"."name", "public"."Project"."description", "public"."Project"."teamId", "public"."Project"."createdById", "public"."Project"."createdAt", "public"."Project"."updatedAt" FROM "public"."Project" WHERE ("public"."Project"."id" = $1 AND 1=1) LIMIT $2 OFFSET $3
prisma:query SELECT "public"."Team"."id", "public"."Team"."name", "public"."Team"."createdAt", "public"."Team"."updatedAt" FROM "public"."Team" WHERE "public"."Team"."id" IN ($1) OFFSET $2
prisma:query SELECT "public"."TeamMember"."id", "public"."TeamMember"."teamId", "public"."TeamMember"."userId", "public"."TeamMember"."role"::text, "public"."TeamMember"."createdAt" FROM "public"."TeamMember" WHERE ("public"."TeamMember"."userId" = $1 AND "public"."TeamMember"."teamId" IN ($2)) OFFSET $3
prisma:query INSERT INTO "public"."Spreadsheet" ("id","projectId","data","createdAt","updatedAt") VALUES ($1,$2,$3,$4,$5) ON CONFLICT ("projectId") DO UPDATE SET "data" = $6, "updatedAt" = $7 WHERE ("public"."Spreadsheet"."projectId" = $8 AND 1=1) RETURNING "public"."Spreadsheet"."id", "public"."Spreadsheet"."projectId", "public"."Spreadsheet"."data", "public"."Spreadsheet"."createdAt", "public"."Spreadsheet"."updatedAt"
 POST /api/projects/cmi1lhcvl0008oma8g07mdp3t/spreadsheet 200 in 2774ms
 ✓ Compiled in 1779ms (1867 modules)
 ○ Compiling /api/projects/[id]/spreadsheet ...
 ✓ Compiled /api/projects/[id]/spreadsheet in 1154ms (367 modules)
prisma:query SELECT 1
prisma:query SELECT 1
prisma:query SELECT "public"."Project"."id", "public"."Project"."name", "public"."Project"."description", "public"."Project"."teamId", "public"."Project"."createdById", "public"."Project"."createdAt", "public"."Project"."updatedAt" FROM "public"."Project" WHERE ("public"."Project"."id" = $1 AND 1=1) LIMIT $2 OFFSET $3
prisma:query SELECT "public"."Project"."id", "public"."Project"."name", "public"."Project"."description", "public"."Project"."teamId", "public"."Project"."createdById", "public"."Project"."createdAt", "public"."Project"."updatedAt" FROM "public"."Project" WHERE ("public"."Project"."id" = $1 AND 1=1) LIMIT $2 OFFSET $3
prisma:query SELECT "public"."Team"."id", "public"."Team"."name", "public"."Team"."createdAt", "public"."Team"."updatedAt" FROM "public"."Team" WHERE "public"."Team"."id" IN ($1) OFFSET $2
prisma:query SELECT "public"."Team"."id", "public"."Team"."name", "public"."Team"."createdAt", "public"."Team"."updatedAt" FROM "public"."Team" WHERE "public"."Team"."id" IN ($1) OFFSET $2
prisma:query SELECT "public"."TeamMember"."id", "public"."TeamMember"."teamId", "public"."TeamMember"."userId", "public"."TeamMember"."role"::text, "public"."TeamMember"."createdAt" FROM "public"."TeamMember" WHERE ("public"."TeamMember"."userId" = $1 AND "public"."TeamMember"."teamId" IN ($2)) OFFSET $3
prisma:query SELECT "public"."TeamMember"."id", "public"."TeamMember"."teamId", "public"."TeamMember"."userId", "public"."TeamMember"."role"::text, "public"."TeamMember"."createdAt" FROM "public"."TeamMember" WHERE ("public"."TeamMember"."userId" = $1 AND "public"."TeamMember"."teamId" IN ($2)) OFFSET $3
prisma:query INSERT INTO "public"."Spreadsheet" ("id","projectId","data","createdAt","updatedAt") VALUES ($1,$2,$3,$4,$5) ON CONFLICT ("projectId") DO UPDATE SET "data" = $6, "updatedAt" = $7 WHERE ("public"."Spreadsheet"."projectId" = $8 AND 1=1) RETURNING "public"."Spreadsheet"."id", "public"."Spreadsheet"."projectId", "public"."Spreadsheet"."data", "public"."Spreadsheet"."createdAt", "public"."Spreadsheet"."updatedAt"
 POST /api/projects/cmi1lhcvl0008oma8g07mdp3t/spreadsheet 200 in 9402ms
prisma:query INSERT INTO "public"."Spreadsheet" ("id","projectId","data","createdAt","updatedAt") VALUES ($1,$2,$3,$4,$5) ON CONFLICT ("projectId") DO UPDATE SET "data" = $6, "updatedAt" = $7 WHERE ("public"."Spreadsheet"."projectId" = $8 AND 1=1) RETURNING "public"."Spreadsheet"."id", "public"."Spreadsheet"."projectId", "public"."Spreadsheet"."data", "public"."Spreadsheet"."createdAt", "public"."Spreadsheet"."updatedAt"
 POST /api/projects/cmi1lhcvl0008oma8g07mdp3t/spreadsheet 200 in 6378ms
 ○ Compiling /projects/[projectId]/git ...
 ✓ Compiled /projects/[projectId]/git in 799ms (808 modules)
 ✓ Compiled /api/projects/[id]/github in 503ms (810 modules)
prisma:query SELECT "public"."Project"."id", "public"."Project"."name", "public"."Project"."description", "public"."Project"."teamId", "public"."Project"."createdById", "public"."Project"."createdAt", "public"."Project"."updatedAt" FROM "public"."Project" LEFT JOIN "public"."Team" AS "j0" ON ("j0"."id") = ("public"."Project"."teamId") WHERE ("public"."Project"."id" = $1 AND (EXISTS(SELECT "t1"."teamId" FROM "public"."TeamMember" AS "t1" WHERE ("t1"."userId" = $2 AND ("j0"."id") = ("t1"."teamId") AND "t1"."teamId" IS NOT NULL)) AND ("j0"."id" IS NOT NULL))) LIMIT $3 OFFSET $4
prisma:query SELECT "public"."GitRepository"."id", "public"."GitRepository"."githubRepoId", "public"."GitRepository"."owner", "public"."GitRepository"."name", "public"."GitRepository"."fullName", "public"."GitRepository"."lastSyncedAt", "public"."GitRepository"."createdAt", "public"."GitRepository"."updatedAt", "public"."GitRepository"."projectId" FROM "public"."GitRepository" WHERE "public"."GitRepository"."projectId" IN ($1) OFFSET $2
 GET /api/projects/cmi1lhcvl0008oma8g07mdp3t/github 200 in 1471ms
prisma:query SELECT "public"."Project"."id", "public"."Project"."name", "public"."Project"."description", "public"."Project"."teamId", "public"."Project"."createdById", "public"."Project"."createdAt", "public"."Project"."updatedAt" FROM "public"."Project" LEFT JOIN "public"."Team" AS "j0" ON ("j0"."id") = ("public"."Project"."teamId") WHERE ("public"."Project"."id" = $1 AND (EXISTS(SELECT "t1"."teamId" FROM "public"."TeamMember" AS "t1" WHERE ("t1"."userId" = $2 AND ("j0"."id") = ("t1"."teamId") AND "t1"."teamId" IS NOT NULL)) AND ("j0"."id" IS NOT NULL))) LIMIT $3 OFFSET $4
 ○ Compiling /api/projects/[id]/github/stored-commits ...
prisma:query SELECT "public"."GitRepository"."id", "public"."GitRepository"."githubRepoId", "public"."GitRepository"."owner", "public"."GitRepository"."name", "public"."GitRepository"."fullName", "public"."GitRepository"."lastSyncedAt", "public"."GitRepository"."createdAt", "public"."GitRepository"."updatedAt", "public"."GitRepository"."projectId" FROM "public"."GitRepository" WHERE "public"."GitRepository"."projectId" IN ($1) OFFSET $2
 GET /api/projects/cmi1lhcvl0008oma8g07mdp3t/github 200 in 1000ms
 ✓ Compiled /api/projects/[id]/github/stored-commits in 4.2s (812 modules)
prisma:query SELECT "public"."Project"."id", "public"."Project"."name", "public"."Project"."description", "public"."Project"."teamId", "public"."Project"."createdById", "public"."Project"."createdAt", "public"."Project"."updatedAt" FROM "public"."Project" LEFT JOIN "public"."Team" AS "j0" ON ("j0"."id") = ("public"."Project"."teamId") WHERE ("public"."Project"."id" = $1 AND (EXISTS(SELECT "t1"."teamId" FROM "public"."TeamMember" AS "t1" WHERE ("t1"."userId" = $2 AND ("j0"."id") = ("t1"."teamId") AND "t1"."teamId" IS NOT NULL)) AND ("j0"."id" IS NOT NULL))) LIMIT $3 OFFSET $4
prisma:query SELECT "public"."GitRepository"."id", "public"."GitRepository"."projectId", "public"."GitRepository"."githubRepoId", "public"."GitRepository"."owner", "public"."GitRepository"."name", "public"."GitRepository"."fullName", "public"."GitRepository"."accessToken", "public"."GitRepository"."lastSyncedAt", "public"."GitRepository"."createdAt", "public"."GitRepository"."updatedAt" FROM "public"."GitRepository" WHERE "public"."GitRepository"."projectId" IN ($1) OFFSET $2
prisma:query SELECT 1
prisma:query SELECT COUNT(*) AS "_count$_all" FROM (SELECT "public"."GitCommit"."id" FROM "public"."GitCommit" WHERE "public"."GitCommit"."repositoryId" = $1 OFFSET $2) AS "sub"
prisma:query SELECT "public"."GitCommit"."id", "public"."GitCommit"."repositoryId", "public"."GitCommit"."sha", "public"."GitCommit"."message", "public"."GitCommit"."author", "public"."GitCommit"."authorEmail", "public"."GitCommit"."committedAt", "public"."GitCommit"."url", "public"."GitCommit"."createdAt" FROM "public"."GitCommit" WHERE "public"."GitCommit"."repositoryId" = $1 ORDER BY "public"."GitCommit"."committedAt" DESC LIMIT $2 OFFSET $3
 GET /api/projects/cmi1lhcvl0008oma8g07mdp3t/github/stored-commits?page=1&perPage=30 200 in 6930ms
 ○ Compiling /projects/[projectId]/sheet ...
prisma:query SELECT "public"."Project"."id", "public"."Project"."name", "public"."Project"."description", "public"."Project"."teamId", "public"."Project"."createdById", "public"."Project"."createdAt", "public"."Project"."updatedAt" FROM "public"."Project" LEFT JOIN "public"."Team" AS "j0" ON ("j0"."id") = ("public"."Project"."teamId") WHERE ("public"."Project"."id" = $1 AND (EXISTS(SELECT "t1"."teamId" FROM "public"."TeamMember" AS "t1" WHERE ("t1"."userId" = $2 AND ("j0"."id") = ("t1"."teamId") AND "t1"."teamId" IS NOT NULL)) AND ("j0"."id" IS NOT NULL))) LIMIT $3 OFFSET $4
prisma:query SELECT "public"."GitRepository"."id", "public"."GitRepository"."projectId", "public"."GitRepository"."githubRepoId", "public"."GitRepository"."owner", "public"."GitRepository"."name", "public"."GitRepository"."fullName", "public"."GitRepository"."accessToken", "public"."GitRepository"."lastSyncedAt", "public"."GitRepository"."createdAt", "public"."GitRepository"."updatedAt" FROM "public"."GitRepository" WHERE "public"."GitRepository"."projectId" IN ($1) OFFSET $2
prisma:query SELECT COUNT(*) AS "_count$_all" FROM (SELECT "public"."GitCommit"."id" FROM "public"."GitCommit" WHERE "public"."GitCommit"."repositoryId" = $1 OFFSET $2) AS "sub"
prisma:query SELECT "public"."GitCommit"."id", "public"."GitCommit"."repositoryId", "public"."GitCommit"."sha", "public"."GitCommit"."message", "public"."GitCommit"."author", "public"."GitCommit"."authorEmail", "public"."GitCommit"."committedAt", "public"."GitCommit"."url", "public"."GitCommit"."createdAt" FROM "public"."GitCommit" WHERE "public"."GitCommit"."repositoryId" = $1 ORDER BY "public"."GitCommit"."committedAt" DESC LIMIT $2 OFFSET $3
 GET /api/projects/cmi1lhcvl0008oma8g07mdp3t/github/stored-commits?page=1&perPage=30 200 in 5403ms
 ✓ Compiled /projects/[projectId]/sheet in 4.1s (893 modules)
prisma:query SELECT "public"."Project"."id", "public"."Project"."name", "public"."Project"."description", "public"."Project"."teamId", "public"."Project"."createdById", "public"."Project"."createdAt", "public"."Project"."updatedAt" FROM "public"."Project" WHERE ("public"."Project"."id" = $1 AND 1=1) LIMIT $2 OFFSET $3
prisma:query SELECT "public"."Spreadsheet"."id", "public"."Spreadsheet"."projectId", "public"."Spreadsheet"."data", "public"."Spreadsheet"."createdAt", "public"."Spreadsheet"."updatedAt" FROM "public"."Spreadsheet" WHERE "public"."Spreadsheet"."projectId" IN ($1) OFFSET $2
prisma:query SELECT "public"."Team"."id", "public"."Team"."name", "public"."Team"."createdAt", "public"."Team"."updatedAt" FROM "public"."Team" WHERE "public"."Team"."id" IN ($1) OFFSET $2
prisma:query SELECT "public"."TeamMember"."id", "public"."TeamMember"."teamId", "public"."TeamMember"."userId", "public"."TeamMember"."role"::text, "public"."TeamMember"."createdAt" FROM "public"."TeamMember" WHERE ("public"."TeamMember"."userId" = $1 AND "public"."TeamMember"."teamId" IN ($2)) OFFSET $3
 GET /api/projects/cmi1lhcvl0008oma8g07mdp3t/spreadsheet 200 in 3412ms
prisma:query SELECT "public"."Project"."id", "public"."Project"."name", "public"."Project"."description", "public"."Project"."teamId", "public"."Project"."createdById", "public"."Project"."createdAt", "public"."Project"."updatedAt" FROM "public"."Project" WHERE ("public"."Project"."id" = $1 AND 1=1) LIMIT $2 OFFSET $3
prisma:query SELECT "public"."Spreadsheet"."id", "public"."Spreadsheet"."projectId", "public"."Spreadsheet"."data", "public"."Spreadsheet"."createdAt", "public"."Spreadsheet"."updatedAt" FROM "public"."Spreadsheet" WHERE "public"."Spreadsheet"."projectId" IN ($1) OFFSET $2
prisma:query SELECT "public"."Team"."id", "public"."Team"."name", "public"."Team"."createdAt", "public"."Team"."updatedAt" FROM "public"."Team" WHERE "public"."Team"."id" IN ($1) OFFSET $2
prisma:query SELECT "public"."TeamMember"."id", "public"."TeamMember"."teamId", "public"."TeamMember"."userId", "public"."TeamMember"."role"::text, "public"."TeamMember"."createdAt" FROM "public"."TeamMember" WHERE ("public"."TeamMember"."userId" = $1 AND "public"."TeamMember"."teamId" IN ($2)) OFFSET $3
 GET /api/projects/cmi1lhcvl0008oma8g07mdp3t/spreadsheet 200 in 1551ms
prisma:query SELECT "public"."Project"."id", "public"."Project"."name", "public"."Project"."description", "public"."Project"."teamId", "public"."Project"."createdById", "public"."Project"."createdAt", "public"."Project"."updatedAt" FROM "public"."Project" WHERE ("public"."Project"."id" = $1 AND 1=1) LIMIT $2 OFFSET $3
prisma:query SELECT "public"."Team"."id", "public"."Team"."name", "public"."Team"."createdAt", "public"."Team"."updatedAt" FROM "public"."Team" WHERE "public"."Team"."id" IN ($1) OFFSET $2
prisma:query SELECT "public"."TeamMember"."id", "public"."TeamMember"."teamId", "public"."TeamMember"."userId", "public"."TeamMember"."role"::text, "public"."TeamMember"."createdAt" FROM "public"."TeamMember" WHERE ("public"."TeamMember"."userId" = $1 AND "public"."TeamMember"."teamId" IN ($2)) OFFSET $3
prisma:query SELECT 1
prisma:query INSERT INTO "public"."Spreadsheet" ("id","projectId","data","createdAt","updatedAt") VALUES ($1,$2,$3,$4,$5) ON CONFLICT ("projectId") DO UPDATE SET "data" = $6, "updatedAt" = $7 WHERE ("public"."Spreadsheet"."projectId" = $8 AND 1=1) RETURNING "public"."Spreadsheet"."id", "public"."Spreadsheet"."projectId", "public"."Spreadsheet"."data", "public"."Spreadsheet"."createdAt", "public"."Spreadsheet"."updatedAt"
 POST /api/projects/cmi1lhcvl0008oma8g07mdp3t/spreadsheet 200 in 3071ms
prisma:query SELECT "public"."Project"."id", "public"."Project"."name", "public"."Project"."description", "public"."Project"."teamId", "public"."Project"."createdById", "public"."Project"."createdAt", "public"."Project"."updatedAt" FROM "public"."Project" WHERE ("public"."Project"."id" = $1 AND 1=1) LIMIT $2 OFFSET $3
prisma:query SELECT "public"."Team"."id", "public"."Team"."name", "public"."Team"."createdAt", "public"."Team"."updatedAt" FROM "public"."Team" WHERE "public"."Team"."id" IN ($1) OFFSET $2
prisma:query SELECT "public"."TeamMember"."id", "public"."TeamMember"."teamId", "public"."TeamMember"."userId", "public"."TeamMember"."role"::text, "public"."TeamMember"."createdAt" FROM "public"."TeamMember" WHERE ("public"."TeamMember"."userId" = $1 AND "public"."TeamMember"."teamId" IN ($2)) OFFSET $3
prisma:query INSERT INTO "public"."Spreadsheet" ("id","projectId","data","createdAt","updatedAt") VALUES ($1,$2,$3,$4,$5) ON CONFLICT ("projectId") DO UPDATE SET "data" = $6, "updatedAt" = $7 WHERE ("public"."Spreadsheet"."projectId" = $8 AND 1=1) RETURNING "public"."Spreadsheet"."id", "public"."Spreadsheet"."projectId", "public"."Spreadsheet"."data", "public"."Spreadsheet"."createdAt", "public"."Spreadsheet"."updatedAt"
 POST /api/projects/cmi1lhcvl0008oma8g07mdp3t/spreadsheet 200 in 2431ms
prisma:query SELECT "public"."Project"."id", "public"."Project"."name", "public"."Project"."description", "public"."Project"."teamId", "public"."Project"."createdById", "public"."Project"."createdAt", "public"."Project"."updatedAt" FROM "public"."Project" WHERE ("public"."Project"."id" = $1 AND 1=1) LIMIT $2 OFFSET $3
prisma:query SELECT "public"."Team"."id", "public"."Team"."name", "public"."Team"."createdAt", "public"."Team"."updatedAt" FROM "public"."Team" WHERE "public"."Team"."id" IN ($1) OFFSET $2
prisma:query SELECT "public"."TeamMember"."id", "public"."TeamMember"."teamId", "public"."TeamMember"."userId", "public"."TeamMember"."role"::text, "public"."TeamMember"."createdAt" FROM "public"."TeamMember" WHERE ("public"."TeamMember"."userId" = $1 AND "public"."TeamMember"."teamId" IN ($2)) OFFSET $3
prisma:query INSERT INTO "public"."Spreadsheet" ("id","projectId","data","createdAt","updatedAt") VALUES ($1,$2,$3,$4,$5) ON CONFLICT ("projectId") DO UPDATE SET "data" = $6, "updatedAt" = $7 WHERE ("public"."Spreadsheet"."projectId" = $8 AND 1=1) RETURNING "public"."Spreadsheet"."id", "public"."Spreadsheet"."projectId", "public"."Spreadsheet"."data", "public"."Spreadsheet"."createdAt", "public"."Spreadsheet"."updatedAt"
 POST /api/projects/cmi1lhcvl0008oma8g07mdp3t/spreadsheet 200 in 6065ms
 ✓ Compiled in 551ms (367 modules)
 ✓ Compiled in 34ms
 ○ Compiling /api/projects/[id]/spreadsheet ...
 ✓ Compiled /api/projects/[id]/spreadsheet in 602ms (367 modules)
prisma:query SELECT 1
prisma:query SELECT "public"."Project"."id", "public"."Project"."name", "public"."Project"."description", "public"."Project"."teamId", "public"."Project"."createdById", "public"."Project"."createdAt", "public"."Project"."updatedAt" FROM "public"."Project" WHERE ("public"."Project"."id" = $1 AND 1=1) LIMIT $2 OFFSET $3
prisma:query SELECT "public"."Team"."id", "public"."Team"."name", "public"."Team"."createdAt", "public"."Team"."updatedAt" FROM "public"."Team" WHERE "public"."Team"."id" IN ($1) OFFSET $2
prisma:query SELECT "public"."TeamMember"."id", "public"."TeamMember"."teamId", "public"."TeamMember"."userId", "public"."TeamMember"."role"::text, "public"."TeamMember"."createdAt" FROM "public"."TeamMember" WHERE ("public"."TeamMember"."userId" = $1 AND "public"."TeamMember"."teamId" IN ($2)) OFFSET $3
prisma:query INSERT INTO "public"."Spreadsheet" ("id","projectId","data","createdAt","updatedAt") VALUES ($1,$2,$3,$4,$5) ON CONFLICT ("projectId") DO UPDATE SET "data" = $6, "updatedAt" = $7 WHERE ("public"."Spreadsheet"."projectId" = $8 AND 1=1) RETURNING "public"."Spreadsheet"."id", "public"."Spreadsheet"."projectId", "public"."Spreadsheet"."data", "public"."Spreadsheet"."createdAt", "public"."Spreadsheet"."updatedAt"
 POST /api/projects/cmi1lhcvl0008oma8g07mdp3t/spreadsheet 200 in 3269ms
prisma:query SELECT "public"."Project"."id", "public"."Project"."name", "public"."Project"."description", "public"."Project"."teamId", "public"."Project"."createdById", "public"."Project"."createdAt", "public"."Project"."updatedAt" FROM "public"."Project" WHERE ("public"."Project"."id" = $1 AND 1=1) LIMIT $2 OFFSET $3
prisma:query SELECT "public"."Team"."id", "public"."Team"."name", "public"."Team"."createdAt", "public"."Team"."updatedAt" FROM "public"."Team" WHERE "public"."Team"."id" IN ($1) OFFSET $2
prisma:query SELECT "public"."TeamMember"."id", "public"."TeamMember"."teamId", "public"."TeamMember"."userId", "public"."TeamMember"."role"::text, "public"."TeamMember"."createdAt" FROM "public"."TeamMember" WHERE ("public"."TeamMember"."userId" = $1 AND "public"."TeamMember"."teamId" IN ($2)) OFFSET $3
prisma:query INSERT INTO "public"."Spreadsheet" ("id","projectId","data","createdAt","updatedAt") VALUES ($1,$2,$3,$4,$5) ON CONFLICT ("projectId") DO UPDATE SET "data" = $6, "updatedAt" = $7 WHERE ("public"."Spreadsheet"."projectId" = $8 AND 1=1) RETURNING "public"."Spreadsheet"."id", "public"."Spreadsheet"."projectId", "public"."Spreadsheet"."data", "public"."Spreadsheet"."createdAt", "public"."Spreadsheet"."updatedAt"
 POST /api/projects/cmi1lhcvl0008oma8g07mdp3t/spreadsheet 200 in 5916ms
prisma:error Error in PostgreSQL connection: Error { kind: Closed, cause: None }
prisma:error Error in PostgreSQL connection: Error { kind: Closed, cause: None }
prisma:error Error in PostgreSQL connection: Error { kind: Closed, cause: None }
   Reload env: .env
 ✓ Compiled in 3.5s (2041 modules)
 ✓ Compiled in 2.3s (2055 modules)
 ○ Compiling /api/projects/[id]/spreadsheet ...
 ✓ Compiled /api/projects/[id]/spreadsheet in 645ms (367 modules)
 POST /api/projects/cmi1lhcvl0008oma8g07mdp3t/spreadsheet 401 in 1241ms
 POST /api/projects/cmi1lhcvl0008oma8g07mdp3t/spreadsheet 401 in 81ms
